newQuickAction/build/intermediates/manifest_merge_blame_file/release/manifest-merger-blame-release-report.txt
1<?xml version="1.0" encoding="utf-8"?>
2<!--
3/*
4**
5** /AndroidManifest.xml
6**
7** Author: Lorensius W. L. T <lorenz@londatiga.net>
8**
9*/ 
10-->
11<manifest xmlns:android="http://schemas.android.com/apk/res/android"
12    package="net.londatiga.android"
13    android:versionCode="1"
14    android:versionName="1.0" >
15    <!--
16    <application android:icon="@drawable/icon" android:label="@string/app_name">
17    
18        <activity android:name=".QuickActionActivity"
19                  android:label="@string/app_name">
20            <intent-filter>
21                <action android:name="android.intent.action.MAIN" />
22                <category android:name="android.intent.category.LAUNCHER" />
23            </intent-filter>
24        </activity>
25
26		<activity android:name=".Example1Activity"
27                  android:label="@string/app_name">
28            <intent-filter>
29                <action android:name="android.intent.action.VIEW" />
30            </intent-filter>
31        </activity>
32        
33        <activity android:name=".Example2Activity"
34                  android:label="@string/app_name">
35            <intent-filter>
36                <action android:name="android.intent.action.VIEW" />
37            </intent-filter>
38        </activity>
39        
40    </application>
41    -->
42    <uses-sdk
43        android:minSdkVersion="14"
43-->src\main\AndroidManifest.xml
44        android:targetSdkVersion="27" />
44-->src\main\AndroidManifest.xml
45
46</manifest>